app/build/outputs/logs/manifest-merger-anzhi-debug-report.txt
-- Merging decision tree log ---
manifest
ADDED from src\main\AndroidManifest.xml:2:1-186:12
	xmlns:android
		ADDED from src\main\AndroidManifest.xml:2:11-69
	package
		ADDED from src\main\AndroidManifest.xml:3:5-24
		INJECTED from src\main\AndroidManifest.xml
		INJECTED from src\main\AndroidManifest.xml
	android:versionName
		INJECTED from src\main\AndroidManifest.xml
		INJECTED from src\main\AndroidManifest.xml
	android:versionCode
		INJECTED from src\main\AndroidManifest.xml
		INJECTED from src\main\AndroidManifest.xml
uses-sdk
ADDED from src\main\AndroidManifest.xml:5:5-8:40
MERGED from [com.android.volley:volley:unspecified] AndroidManifest.xml:7:5-43
MERGED from [Jia16App-Android:PullToRefreshLib:unspecified] AndroidManifest.xml:7:5-9:41
	android:targetSdkVersion
		ADDED from src\main\AndroidManifest.xml:8:9-38
		INJECTED from src\main\AndroidManifest.xml
		INJECTED from src\main\AndroidManifest.xml
	android:minSdkVersion
		ADDED from src\main\AndroidManifest.xml:6:9-34
		INJECTED from src\main\AndroidManifest.xml
		INJECTED from src\main\AndroidManifest.xml
uses-permission#android.permission.ACCESS_NETWORK_STATE
ADDED from src\main\AndroidManifest.xml:13:5-79
	android:name
		ADDED from src\main\AndroidManifest.xml:13:22-76
uses-permission#android.permission.ACCESS_WIFI_STATE
ADDED from src\main\AndroidManifest.xml:14:5-76
	android:name
		ADDED from src\main\AndroidManifest.xml:14:22-73
uses-permission#android.permission.READ_PHONE_STATE
ADDED from src\main\AndroidManifest.xml:15:5-75
	android:name
		ADDED from src\main\AndroidManifest.xml:15:22-72
uses-permission#android.permission.WRITE_EXTERNAL_STORAGE
ADDED from src\main\AndroidManifest.xml:16:5-81
	android:name
		ADDED from src\main\AndroidManifest.xml:16:22-78
uses-permission#android.permission.READ_EXTERNAL_STORAGE
ADDED from src\main\AndroidManifest.xml:17:5-80
	android:name
		ADDED from src\main\AndroidManifest.xml:17:22-77
uses-permission#android.permission.INTERNET
ADDED from src\main\AndroidManifest.xml:18:5-67
	android:name
		ADDED from src\main\AndroidManifest.xml:18:22-64
uses-permission#android.permission.READ_LOGS
ADDED from src\main\AndroidManifest.xml:19:5-68
	android:name
		ADDED from src\main\AndroidManifest.xml:19:22-65
uses-permission#android.permission.CALL_PHONE
ADDED from src\main\AndroidManifest.xml:20:5-69
	android:name
		ADDED from src\main\AndroidManifest.xml:20:22-66
uses-permission#android.permission.ACCESS_FINE_LOCATION
ADDED from src\main\AndroidManifest.xml:21:5-79
	android:name
		ADDED from src\main\AndroidManifest.xml:21:22-76
uses-permission#android.permission.ACCESS_COARSE_LOCATION
ADDED from src\main\AndroidManifest.xml:22:5-81
	android:name
		ADDED from src\main\AndroidManifest.xml:22:22-78
uses-permission#android.permission.GET_TASKS
ADDED from src\main\AndroidManifest.xml:24:5-68
	android:name
		ADDED from src\main\AndroidManifest.xml:24:22-65
uses-permission#android.permission.SET_DEBUG_APP
ADDED from src\main\AndroidManifest.xml:25:5-72
	android:name
		ADDED from src\main\AndroidManifest.xml:25:22-69
uses-permission#android.permission.SYSTEM_ALERT_WINDOW
ADDED from src\main\AndroidManifest.xml:26:5-78
	android:name
		ADDED from src\main\AndroidManifest.xml:26:22-75
uses-permission#android.permission.GET_ACCOUNTS
ADDED from src\main\AndroidManifest.xml:27:5-71
	android:name
		ADDED from src\main\AndroidManifest.xml:27:22-68
uses-permission#android.permission.USE_CREDENTIALS
ADDED from src\main\AndroidManifest.xml:28:5-74
	android:name
		ADDED from src\main\AndroidManifest.xml:28:22-71
uses-permission#android.permission.MANAGE_ACCOUNTS
ADDED from src\main\AndroidManifest.xml:29:5-74
	android:name
		ADDED from src\main\AndroidManifest.xml:29:22-71
permission#android.permission.INTERNET
ADDED from src\main\AndroidManifest.xml:33:5-73
	android:name
		ADDED from src\main\AndroidManifest.xml:33:17-59
application
ADDED from src\main\AndroidManifest.xml:40:5-184:19
MERGED from [com.android.volley:volley:unspecified] AndroidManifest.xml:9:5-20
MERGED from [Jia16App-Android:PullToRefreshLib:unspecified] AndroidManifest.xml:11:5-20
	android:supportsRtl
		ADDED from src\main\AndroidManifest.xml:45:9-35
	android:label
		ADDED from src\main\AndroidManifest.xml:44:9-41
	android:allowBackup
		ADDED from src\main\AndroidManifest.xml:42:9-35
	android:icon
		ADDED from src\main\AndroidManifest.xml:43:9-43
	android:theme
		ADDED from src\main\AndroidManifest.xml:46:9-40
	android:name
		ADDED from src\main\AndroidManifest.xml:41:9-54
meta-data#UMENG_APPKEY
ADDED from src\main\AndroidManifest.xml:48:9-51:21
	android:name
		ADDED from src\main\AndroidManifest.xml:49:13-40
	android:value
		ADDED from src\main\AndroidManifest.xml:50:13-53
meta-data#UMENG_CHANNEL
ADDED from src\main\AndroidManifest.xml:53:9-56:21
	android:name
		ADDED from src\main\AndroidManifest.xml:54:13-41
	android:value
		ADDED from src\main\AndroidManifest.xml:55:13-34
activity#com.jia16.activity.LoadingActivity
ADDED from src\main\AndroidManifest.xml:60:9-77:20
	android:screenOrientation
		ADDED from src\main\AndroidManifest.xml:63:13-49
	android:name
		ADDED from src\main\AndroidManifest.xml:61:13-53
	android:launchMode
		ADDED from src\main\AndroidManifest.xml:62:13-43
intent-filter#android.intent.action.MAIN+android.intent.category.LAUNCHER
ADDED from src\main\AndroidManifest.xml:64:13-67:29
action#android.intent.action.MAIN
ADDED from src\main\AndroidManifest.xml:65:17-69
	android:name
		ADDED from src\main\AndroidManifest.xml:65:25-66
category#android.intent.category.LAUNCHER
ADDED from src\main\AndroidManifest.xml:66:17-77
	android:name
		ADDED from src\main\AndroidManifest.xml:66:27-74
intent-filter#android.intent.action.VIEW+android.intent.category.BROWSABLE+android.intent.category.DEFAULT
ADDED from src\main\AndroidManifest.xml:70:13-75:29
action#android.intent.action.VIEW
ADDED from src\main\AndroidManifest.xml:71:17-69
	android:name
		ADDED from src\main\AndroidManifest.xml:71:25-66
category#android.intent.category.DEFAULT
ADDED from src\main\AndroidManifest.xml:72:17-76
	android:name
		ADDED from src\main\AndroidManifest.xml:72:27-73
category#android.intent.category.BROWSABLE
ADDED from src\main\AndroidManifest.xml:73:17-78
	android:name
		ADDED from src\main\AndroidManifest.xml:73:27-75
data
ADDED from src\main\AndroidManifest.xml:74:17-48
	android:scheme
		ADDED from src\main\AndroidManifest.xml:74:23-45
activity#com.jia16.activity.WebViewActivity
ADDED from src\main\AndroidManifest.xml:79:9-81:61
	android:screenOrientation
		ADDED from src\main\AndroidManifest.xml:81:13-49
	android:name
		ADDED from src\main\AndroidManifest.xml:80:13-53
activity#com.jia16.activity.LoginActivity
ADDED from src\main\AndroidManifest.xml:83:9-86:55
	android:screenOrientation
		ADDED from src\main\AndroidManifest.xml:85:13-49
	android:name
		ADDED from src\main\AndroidManifest.xml:84:13-51
	android:launchMode
		ADDED from src\main\AndroidManifest.xml:86:13-43
activity#com.jia16.activity.InvestConfirmActivity
ADDED from src\main\AndroidManifest.xml:88:9-90:61
	android:screenOrientation
		ADDED from src\main\AndroidManifest.xml:90:13-49
	android:name
		ADDED from src\main\AndroidManifest.xml:89:13-59
activity#com.jia16.activity.GesturePwdActivity
ADDED from src\main\AndroidManifest.xml:92:9-94:61
	android:screenOrientation
		ADDED from src\main\AndroidManifest.xml:94:13-49
	android:name
		ADDED from src\main\AndroidManifest.xml:93:13-56
activity#com.jia16.activity.UnlockGesturePasswordActivity
ADDED from src\main\AndroidManifest.xml:96:9-98:61
	android:screenOrientation
		ADDED from src\main\AndroidManifest.xml:98:13-49
	android:name
		ADDED from src\main\AndroidManifest.xml:97:13-67
activity#com.jia16.activity.WelcomeActivity
ADDED from src\main\AndroidManifest.xml:100:9-102:61
	android:screenOrientation
		ADDED from src\main\AndroidManifest.xml:102:13-49
	android:name
		ADDED from src\main\AndroidManifest.xml:101:13-53
activity#com.jia16.activity.MainActivity
ADDED from src\main\AndroidManifest.xml:104:9-68
	android:name
		ADDED from src\main\AndroidManifest.xml:104:19-56
activity#com.jia16.activity.RegisterActivity
ADDED from src\main\AndroidManifest.xml:107:9-72
	android:name
		ADDED from src\main\AndroidManifest.xml:107:19-60
service#com.jia16.service.DownloadService
ADDED from src\main\AndroidManifest.xml:110:9-68
	android:name
		ADDED from src\main\AndroidManifest.xml:110:18-57
activity#com.jia16.activity.account.MyAccountActivity
ADDED from src\main\AndroidManifest.xml:112:9-81
	android:name
		ADDED from src\main\AndroidManifest.xml:112:19-69
activity#com.jia16.web.WebActivity
ADDED from src\main\AndroidManifest.xml:113:9-62
	android:name
		ADDED from src\main\AndroidManifest.xml:113:19-50
activity#com.jia16.activity.account.ModificationUserActivity
ADDED from src\main\AndroidManifest.xml:114:9-88
	android:name
		ADDED from src\main\AndroidManifest.xml:114:19-76
activity#com.jia16.activity.account.ModificationLoginPwdActivity
ADDED from src\main\AndroidManifest.xml:115:9-92
	android:name
		ADDED from src\main\AndroidManifest.xml:115:19-80
activity#com.jia16.base.BaseActivity
ADDED from src\main\AndroidManifest.xml:118:9-123:67
	android:windowSoftInputMode
		ADDED from src\main\AndroidManifest.xml:123:13-55
	android:screenOrientation
		ADDED from src\main\AndroidManifest.xml:121:13-49
	android:configChanges
		ADDED from src\main\AndroidManifest.xml:120:13-63
	android:theme
		ADDED from src\main\AndroidManifest.xml:122:13-72
	android:name
		ADDED from src\main\AndroidManifest.xml:119:13-46
activity#com.jia16.activity.account.ModifyDealPwdActivity
ADDED from src\main\AndroidManifest.xml:126:9-75
	android:name
		ADDED from src\main\AndroidManifest.xml:126:19-73
activity#com.jia16.activity.account.ModifyRememberPwdActivity
ADDED from src\main\AndroidManifest.xml:127:9-79
	android:name
		ADDED from src\main\AndroidManifest.xml:127:19-77
activity#com.jia16.activity.FindLoginActivity
ADDED from src\main\AndroidManifest.xml:128:9-63
	android:name
		ADDED from src\main\AndroidManifest.xml:128:19-61
activity#com.jia16.activity.FindLoginPwdActivity
ADDED from src\main\AndroidManifest.xml:129:9-66
	android:name
		ADDED from src\main\AndroidManifest.xml:129:19-64
activity#com.jia16.activity.account.ModifyPhoneActivity
ADDED from src\main\AndroidManifest.xml:130:9-73
	android:name
		ADDED from src\main\AndroidManifest.xml:130:19-71
activity#com.jia16.activity.account.ModifyPhoneNumActivity
ADDED from src\main\AndroidManifest.xml:131:9-76
	android:name
		ADDED from src\main\AndroidManifest.xml:131:19-74
activity#com.jia16.more.FeedBackActivity
ADDED from src\main\AndroidManifest.xml:133:9-58
	android:name
		ADDED from src\main\AndroidManifest.xml:133:19-56
activity#com.jia16.more.helpercenter.HelperCenterActivity
ADDED from src\main\AndroidManifest.xml:134:9-75
	android:name
		ADDED from src\main\AndroidManifest.xml:134:19-73
activity#com.jia16.more.advicescenter.AdvicesCenterActivity
ADDED from src\main\AndroidManifest.xml:135:9-77
	android:name
		ADDED from src\main\AndroidManifest.xml:135:19-75
activity#com.jia16.more.AboutMeActivity
ADDED from src\main\AndroidManifest.xml:137:9-57
	android:name
		ADDED from src\main\AndroidManifest.xml:137:19-55
activity#com.jia16.activity.account.RiskManagerActivity
ADDED from src\main\AndroidManifest.xml:138:9-73
	android:name
		ADDED from src\main\AndroidManifest.xml:138:19-71
activity#com.jia16.more.mywelfare.MyWelfareActivity
ADDED from src\main\AndroidManifest.xml:139:9-69
	android:name
		ADDED from src\main\AndroidManifest.xml:139:19-67
activity#com.jia16.more.invitefriends.InviteFriendsActivity
ADDED from src\main\AndroidManifest.xml:140:9-77
	android:name
		ADDED from src\main\AndroidManifest.xml:140:19-75
activity#com.jia16.assets.dealrun.CashRunActivity
ADDED from src\main\AndroidManifest.xml:141:9-67
	android:name
		ADDED from src\main\AndroidManifest.xml:141:19-65
activity#com.jia16.assets.MyTotalAconutActivity
ADDED from src\main\AndroidManifest.xml:142:9-65
	android:name
		ADDED from src\main\AndroidManifest.xml:142:19-63
activity#com.jia16.more.ActivityCenterActivity
ADDED from src\main\AndroidManifest.xml:144:9-64
	android:name
		ADDED from src\main\AndroidManifest.xml:144:19-62
activity#com.jia16.wxapi.WXEntryActivity
ADDED from src\main\AndroidManifest.xml:149:9-154:75
	android:screenOrientation
		ADDED from src\main\AndroidManifest.xml:153:13-49
	android:configChanges
		ADDED from src\main\AndroidManifest.xml:151:13-74
	android:theme
		ADDED from src\main\AndroidManifest.xml:154:13-72
	android:exported
		ADDED from src\main\AndroidManifest.xml:152:13-36
	android:name
		ADDED from src\main\AndroidManifest.xml:150:13-50
activity#com.umeng.qq.tencent.AuthActivity
ADDED from src\main\AndroidManifest.xml:158:9-170:20
	android:noHistory
		ADDED from src\main\AndroidManifest.xml:161:13-37
	android:name
		ADDED from src\main\AndroidManifest.xml:159:13-61
	android:launchMode
		ADDED from src\main\AndroidManifest.xml:160:13-44
activity#com.umeng.qq.tencent.AssistActivity
ADDED from src\main\AndroidManifest.xml:171:9-175:76
	android:screenOrientation
		ADDED from src\main\AndroidManifest.xml:173:13-49
	android:configChanges
		ADDED from src\main\AndroidManifest.xml:175:13-74
	android:theme
		ADDED from src\main\AndroidManifest.xml:174:13-72
	android:name
		ADDED from src\main\AndroidManifest.xml:172:13-63
uses-library#com.google.android.maps
ADDED from src\main\AndroidManifest.xml:176:9-178:40
	android:required
		ADDED from src\main\AndroidManifest.xml:178:13-37
	android:name
		ADDED from src\main\AndroidManifest.xml:177:13-51
uses-library#android.test.runner
ADDED from src\main\AndroidManifest.xml:179:9-60
	android:name
		ADDED from src\main\AndroidManifest.xml:179:23-57